{"D:\\vatek\\vatek-intern2\\my-project\\src\\App.jsx": {"path":"D:\\vatek\\vatek-intern2\\my-project\\src\\App.jsx","statementMap":{"0":{"start":{"line":9,"column":16},"end":{"line":9,"column":32}},"1":{"start":{"line":10,"column":2},"end":{"line":27,"column":4}},"2":{"start":{"line":22,"column":25},"end":{"line":22,"column":82}}},"fnMap":{"0":{"name":"App","decl":{"start":{"line":8,"column":9},"end":{"line":8,"column":12}},"loc":{"start":{"line":8,"column":15},"end":{"line":28,"column":1}},"line":8},"1":{"name":"(anonymous_1)","decl":{"start":{"line":22,"column":19},"end":{"line":22,"column":20}},"loc":{"start":{"line":22,"column":25},"end":{"line":22,"column":82}},"line":22}},"branchMap":{"0":{"loc":{"start":{"line":22,"column":45},"end":{"line":22,"column":81}},"type":"cond-expr","locations":[{"start":{"line":22,"column":70},"end":{"line":22,"column":74}},{"start":{"line":22,"column":77},"end":{"line":22,"column":81}}],"line":22}},"s":{"0":6,"1":6,"2":1},"f":{"0":6,"1":1},"b":{"0":[1,0]},"_coverageSchema":"1a1c01bbd47fc00a2c39e90264f33305004495a9","hash":"622b152ba7399bf285c673be90f12cddc9756ec5"}
,"D:\\vatek\\vatek-intern2\\my-project\\src\\components\\EmployeeModal.jsx": {"path":"D:\\vatek\\vatek-intern2\\my-project\\src\\components\\EmployeeModal.jsx","statementMap":{"0":{"start":{"line":8,"column":22},"end":{"line":92,"column":1}},"1":{"start":{"line":9,"column":16},"end":{"line":9,"column":32}},"2":{"start":{"line":10,"column":17},"end":{"line":10,"column":31}},"3":{"start":{"line":11,"column":19},"end":{"line":11,"column":32}},"4":{"start":{"line":12,"column":17},"end":{"line":12,"column":32}},"5":{"start":{"line":13,"column":21},"end":{"line":25,"column":3}},"6":{"start":{"line":14,"column":4},"end":{"line":24,"column":5}},"7":{"start":{"line":15,"column":21},"end":{"line":15,"column":48}},"8":{"start":{"line":16,"column":6},"end":{"line":16,"column":59}},"9":{"start":{"line":17,"column":6},"end":{"line":17,"column":68}},"10":{"start":{"line":18,"column":6},"end":{"line":18,"column":25}},"11":{"start":{"line":19,"column":6},"end":{"line":19,"column":16}},"12":{"start":{"line":21,"column":6},"end":{"line":23,"column":7}},"13":{"start":{"line":22,"column":8},"end":{"line":22,"column":40}},"14":{"start":{"line":27,"column":23},"end":{"line":30,"column":3}},"15":{"start":{"line":28,"column":4},"end":{"line":28,"column":23}},"16":{"start":{"line":29,"column":4},"end":{"line":29,"column":14}},"17":{"start":{"line":32,"column":2},"end":{"line":41,"column":30}},"18":{"start":{"line":33,"column":4},"end":{"line":40,"column":5}},"19":{"start":{"line":34,"column":6},"end":{"line":39,"column":9}},"20":{"start":{"line":43,"column":2},"end":{"line":91,"column":4}}},"fnMap":{"0":{"name":"(anonymous_0)","decl":{"start":{"line":8,"column":22},"end":{"line":8,"column":23}},"loc":{"start":{"line":8,"column":62},"end":{"line":92,"column":1}},"line":8},"1":{"name":"(anonymous_1)","decl":{"start":{"line":13,"column":21},"end":{"line":13,"column":22}},"loc":{"start":{"line":13,"column":33},"end":{"line":25,"column":3}},"line":13},"2":{"name":"(anonymous_2)","decl":{"start":{"line":27,"column":23},"end":{"line":27,"column":24}},"loc":{"start":{"line":27,"column":29},"end":{"line":30,"column":3}},"line":27},"3":{"name":"(anonymous_3)","decl":{"start":{"line":32,"column":12},"end":{"line":32,"column":13}},"loc":{"start":{"line":32,"column":18},"end":{"line":41,"column":3}},"line":32}},"branchMap":{"0":{"loc":{"start":{"line":16,"column":18},"end":{"line":16,"column":58}},"type":"cond-expr","locations":[{"start":{"line":16,"column":27},"end":{"line":16,"column":45}},{"start":{"line":16,"column":48},"end":{"line":16,"column":58}}],"line":16},"1":{"loc":{"start":{"line":17,"column":15},"end":{"line":17,"column":66}},"type":"cond-expr","locations":[{"start":{"line":17,"column":24},"end":{"line":17,"column":44}},{"start":{"line":17,"column":47},"end":{"line":17,"column":66}}],"line":17},"2":{"loc":{"start":{"line":21,"column":6},"end":{"line":23,"column":7}},"type":"if","locations":[{"start":{"line":21,"column":6},"end":{"line":23,"column":7}},{"start":{},"end":{}}],"line":21},"3":{"loc":{"start":{"line":33,"column":4},"end":{"line":40,"column":5}},"type":"if","locations":[{"start":{"line":33,"column":4},"end":{"line":40,"column":5}},{"start":{},"end":{}}],"line":33},"4":{"loc":{"start":{"line":47,"column":11},"end":{"line":47,"column":61}},"type":"cond-expr","locations":[{"start":{"line":47,"column":20},"end":{"line":47,"column":36}},{"start":{"line":47,"column":39},"end":{"line":47,"column":61}}],"line":47},"5":{"loc":{"start":{"line":48,"column":17},"end":{"line":48,"column":84}},"type":"cond-expr","locations":[{"start":{"line":48,"column":26},"end":{"line":48,"column":54}},{"start":{"line":48,"column":57},"end":{"line":48,"column":84}}],"line":48}},"s":{"0":1,"1":12,"2":12,"3":12,"4":12,"5":12,"6":2,"7":2,"8":2,"9":2,"10":2,"11":2,"12":0,"13":0,"14":12,"15":2,"16":2,"17":12,"18":12,"19":12,"20":12},"f":{"0":12,"1":2,"2":2,"3":12},"b":{"0":[1,1],"1":[1,1],"2":[0,0],"3":[12,0],"4":[6,6],"5":[6,6]},"_coverageSchema":"1a1c01bbd47fc00a2c39e90264f33305004495a9","hash":"1c88712ddbffea415023152dd144c131dcc18f84"}
,"D:\\vatek\\vatek-intern2\\my-project\\src\\components\\SearchBar.jsx": {"path":"D:\\vatek\\vatek-intern2\\my-project\\src\\components\\SearchBar.jsx","statementMap":{"0":{"start":{"line":4,"column":18},"end":{"line":29,"column":1}},"1":{"start":{"line":5,"column":16},"end":{"line":5,"column":32}},"2":{"start":{"line":6,"column":50},"end":{"line":6,"column":62}},"3":{"start":{"line":7,"column":29},"end":{"line":9,"column":3}},"4":{"start":{"line":8,"column":4},"end":{"line":8,"column":40}},"5":{"start":{"line":11,"column":2},"end":{"line":28,"column":4}},"6":{"start":{"line":21,"column":25},"end":{"line":21,"column":57}}},"fnMap":{"0":{"name":"(anonymous_0)","decl":{"start":{"line":4,"column":18},"end":{"line":4,"column":19}},"loc":{"start":{"line":4,"column":42},"end":{"line":29,"column":1}},"line":4},"1":{"name":"(anonymous_1)","decl":{"start":{"line":7,"column":29},"end":{"line":7,"column":30}},"loc":{"start":{"line":7,"column":36},"end":{"line":9,"column":3}},"line":7},"2":{"name":"(anonymous_2)","decl":{"start":{"line":21,"column":19},"end":{"line":21,"column":20}},"loc":{"start":{"line":21,"column":25},"end":{"line":21,"column":57}},"line":21}},"branchMap":{},"s":{"0":3,"1":25,"2":25,"3":25,"4":2,"5":25,"6":2},"f":{"0":25,"1":2,"2":2},"b":{},"_coverageSchema":"1a1c01bbd47fc00a2c39e90264f33305004495a9","hash":"a7a12b1bfdfb0323aa46630231ba0086ee15171a"}
,"D:\\vatek\\vatek-intern2\\my-project\\src\\components\\Task.jsx": {"path":"D:\\vatek\\vatek-intern2\\my-project\\src\\components\\Task.jsx","statementMap":{"0":{"start":{"line":3,"column":13},"end":{"line":62,"column":1}},"1":{"start":{"line":4,"column":36},"end":{"line":4,"column":51}},"2":{"start":{"line":5,"column":34},"end":{"line":5,"column":54}},"3":{"start":{"line":6,"column":27},"end":{"line":8,"column":3}},"4":{"start":{"line":7,"column":4},"end":{"line":7,"column":29}},"5":{"start":{"line":9,"column":24},"end":{"line":14,"column":3}},"6":{"start":{"line":10,"column":4},"end":{"line":13,"column":5}},"7":{"start":{"line":11,"column":6},"end":{"line":11,"column":26}},"8":{"start":{"line":12,"column":6},"end":{"line":12,"column":34}},"9":{"start":{"line":15,"column":24},"end":{"line":17,"column":3}},"10":{"start":{"line":16,"column":4},"end":{"line":16,"column":29}},"11":{"start":{"line":18,"column":2},"end":{"line":61,"column":4}},"12":{"start":{"line":24,"column":31},"end":{"line":24,"column":50}},"13":{"start":{"line":37,"column":14},"end":{"line":37,"column":42}}},"fnMap":{"0":{"name":"(anonymous_0)","decl":{"start":{"line":3,"column":13},"end":{"line":3,"column":14}},"loc":{"start":{"line":3,"column":80},"end":{"line":62,"column":1}},"line":3},"1":{"name":"(anonymous_1)","decl":{"start":{"line":6,"column":27},"end":{"line":6,"column":28}},"loc":{"start":{"line":6,"column":33},"end":{"line":8,"column":3}},"line":6},"2":{"name":"(anonymous_2)","decl":{"start":{"line":9,"column":24},"end":{"line":9,"column":25}},"loc":{"start":{"line":9,"column":31},"end":{"line":14,"column":3}},"line":9},"3":{"name":"(anonymous_3)","decl":{"start":{"line":15,"column":24},"end":{"line":15,"column":25}},"loc":{"start":{"line":15,"column":30},"end":{"line":17,"column":3}},"line":15},"4":{"name":"(anonymous_4)","decl":{"start":{"line":24,"column":25},"end":{"line":24,"column":26}},"loc":{"start":{"line":24,"column":31},"end":{"line":24,"column":50}},"line":24},"5":{"name":"(anonymous_5)","decl":{"start":{"line":36,"column":22},"end":{"line":36,"column":23}},"loc":{"start":{"line":36,"column":29},"end":{"line":38,"column":13}},"line":36}},"branchMap":{"0":{"loc":{"start":{"line":10,"column":4},"end":{"line":13,"column":5}},"type":"if","locations":[{"start":{"line":10,"column":4},"end":{"line":13,"column":5}},{"start":{},"end":{}}],"line":10},"1":{"loc":{"start":{"line":22,"column":88},"end":{"line":22,"column":157}},"type":"cond-expr","locations":[{"start":{"line":22,"column":115},"end":{"line":22,"column":141}},{"start":{"line":22,"column":144},"end":{"line":22,"column":157}}],"line":22},"2":{"loc":{"start":{"line":25,"column":9},"end":{"line":29,"column":9}},"type":"binary-expr","locations":[{"start":{"line":25,"column":9},"end":{"line":25,"column":19}},{"start":{"line":26,"column":10},"end":{"line":28,"column":17}}],"line":25},"3":{"loc":{"start":{"line":26,"column":30},"end":{"line":26,"column":93}},"type":"cond-expr","locations":[{"start":{"line":26,"column":47},"end":{"line":26,"column":75}},{"start":{"line":26,"column":78},"end":{"line":26,"column":93}}],"line":26},"4":{"loc":{"start":{"line":30,"column":9},"end":{"line":40,"column":9}},"type":"binary-expr","locations":[{"start":{"line":30,"column":9},"end":{"line":30,"column":18}},{"start":{"line":31,"column":10},"end":{"line":39,"column":12}}],"line":30},"5":{"loc":{"start":{"line":41,"column":9},"end":{"line":58,"column":9}},"type":"binary-expr","locations":[{"start":{"line":41,"column":9},"end":{"line":41,"column":33}},{"start":{"line":42,"column":10},"end":{"line":57,"column":19}}],"line":41}},"s":{"0":3,"1":78,"2":78,"3":78,"4":3,"5":78,"6":0,"7":0,"8":0,"9":78,"10":1,"11":78,"12":2,"13":0},"f":{"0":78,"1":3,"2":0,"3":1,"4":2,"5":0},"b":{"0":[0,0],"1":[3,75],"2":[78,77],"3":[18,59],"4":[78,1],"5":[78,3]},"_coverageSchema":"1a1c01bbd47fc00a2c39e90264f33305004495a9","hash":"446f404c07a71e700ba1111877327c9fa7caf41d"}
,"D:\\vatek\\vatek-intern2\\my-project\\src\\data\\mockData.js": {"path":"D:\\vatek\\vatek-intern2\\my-project\\src\\data\\mockData.js","statementMap":{"0":{"start":{"line":1,"column":33},"end":{"line":79,"column":1}},"1":{"start":{"line":81,"column":28},"end":{"line":86,"column":1}}},"fnMap":{},"branchMap":{},"s":{"0":2,"1":2},"f":{},"b":{},"_coverageSchema":"1a1c01bbd47fc00a2c39e90264f33305004495a9","hash":"ab3f8feffe7300ba21adcf3df0f6057c86d30e17"}
,"D:\\vatek\\vatek-intern2\\my-project\\src\\hooks\\useApi.jsx": {"path":"D:\\vatek\\vatek-intern2\\my-project\\src\\hooks\\useApi.jsx","statementMap":{"0":{"start":{"line":7,"column":22},"end":{"line":35,"column":1}},"1":{"start":{"line":8,"column":32},"end":{"line":8,"column":44}},"2":{"start":{"line":9,"column":36},"end":{"line":9,"column":51}},"3":{"start":{"line":10,"column":28},"end":{"line":10,"column":42}},"4":{"start":{"line":11,"column":19},"end":{"line":11,"column":32}},"5":{"start":{"line":12,"column":2},"end":{"line":33,"column":5}},"6":{"start":{"line":13,"column":22},"end":{"line":31,"column":5}},"7":{"start":{"line":14,"column":6},"end":{"line":14,"column":25}},"8":{"start":{"line":15,"column":6},"end":{"line":30,"column":7}},"9":{"start":{"line":16,"column":24},"end":{"line":22,"column":10}},"10":{"start":{"line":23,"column":8},"end":{"line":23,"column":53}},"11":{"start":{"line":24,"column":8},"end":{"line":24,"column":46}},"12":{"start":{"line":25,"column":8},"end":{"line":25,"column":28}},"13":{"start":{"line":27,"column":8},"end":{"line":27,"column":53}},"14":{"start":{"line":28,"column":8},"end":{"line":28,"column":24}},"15":{"start":{"line":29,"column":8},"end":{"line":29,"column":28}},"16":{"start":{"line":32,"column":4},"end":{"line":32,"column":16}},"17":{"start":{"line":34,"column":2},"end":{"line":34,"column":39}}},"fnMap":{"0":{"name":"(anonymous_0)","decl":{"start":{"line":7,"column":22},"end":{"line":7,"column":23}},"loc":{"start":{"line":7,"column":31},"end":{"line":35,"column":1}},"line":7},"1":{"name":"(anonymous_1)","decl":{"start":{"line":12,"column":12},"end":{"line":12,"column":13}},"loc":{"start":{"line":12,"column":18},"end":{"line":33,"column":3}},"line":12},"2":{"name":"(anonymous_2)","decl":{"start":{"line":13,"column":22},"end":{"line":13,"column":23}},"loc":{"start":{"line":13,"column":34},"end":{"line":31,"column":5}},"line":13}},"branchMap":{},"s":{"0":0,"1":0,"2":0,"3":0,"4":0,"5":0,"6":0,"7":0,"8":0,"9":0,"10":0,"11":0,"12":0,"13":0,"14":0,"15":0,"16":0,"17":0},"f":{"0":0,"1":0,"2":0},"b":{}}
,"D:\\vatek\\vatek-intern2\\my-project\\src\\i18n\\i18n.js": {"path":"D:\\vatek\\vatek-intern2\\my-project\\src\\i18n\\i18n.js","statementMap":{"0":{"start":{"line":6,"column":0},"end":{"line":16,"column":3}}},"fnMap":{},"branchMap":{},"s":{"0":0},"f":{},"b":{}}
,"D:\\vatek\\vatek-intern2\\my-project\\src\\pages\\EmployeeRender.jsx": {"path":"D:\\vatek\\vatek-intern2\\my-project\\src\\pages\\EmployeeRender.jsx","statementMap":{"0":{"start":{"line":8,"column":19},"end":{"line":8,"column":24}},"1":{"start":{"line":9,"column":23},"end":{"line":157,"column":1}},"2":{"start":{"line":10,"column":16},"end":{"line":10,"column":32}},"3":{"start":{"line":11,"column":40},"end":{"line":11,"column":55}},"4":{"start":{"line":12,"column":48},"end":{"line":12,"column":60}},"5":{"start":{"line":13,"column":42},"end":{"line":13,"column":54}},"6":{"start":{"line":14,"column":26},"end":{"line":14,"column":38}},"7":{"start":{"line":15,"column":2},"end":{"line":15,"column":47}},"8":{"start":{"line":16,"column":23},"end":{"line":16,"column":75}},"9":{"start":{"line":16,"column":46},"end":{"line":16,"column":74}},"10":{"start":{"line":18,"column":26},"end":{"line":27,"column":34}},"11":{"start":{"line":19,"column":4},"end":{"line":19,"column":43}},"12":{"start":{"line":19,"column":23},"end":{"line":19,"column":43}},"13":{"start":{"line":21,"column":4},"end":{"line":26,"column":6}},"14":{"start":{"line":23,"column":8},"end":{"line":25,"column":70}},"15":{"start":{"line":28,"column":19},"end":{"line":28,"column":32}},"16":{"start":{"line":30,"column":18},"end":{"line":99,"column":3}},"17":{"start":{"line":34,"column":23},"end":{"line":34,"column":97}},"18":{"start":{"line":40,"column":29},"end":{"line":40,"column":47}},"19":{"start":{"line":46,"column":28},"end":{"line":46,"column":45}},"20":{"start":{"line":51,"column":25},"end":{"line":51,"column":39}},"21":{"start":{"line":58,"column":8},"end":{"line":74,"column":17}},"22":{"start":{"line":58,"column":31},"end":{"line":58,"column":53}},"23":{"start":{"line":81,"column":8},"end":{"line":96,"column":17}},"24":{"start":{"line":81,"column":31},"end":{"line":81,"column":59}},"25":{"start":{"line":100,"column":25},"end":{"line":104,"column":3}},"26":{"start":{"line":101,"column":4},"end":{"line":101,"column":20}},"27":{"start":{"line":102,"column":4},"end":{"line":102,"column":31}},"28":{"start":{"line":103,"column":4},"end":{"line":103,"column":25}},"29":{"start":{"line":105,"column":31},"end":{"line":107,"column":3}},"30":{"start":{"line":106,"column":4},"end":{"line":106,"column":37}},"31":{"start":{"line":108,"column":27},"end":{"line":111,"column":3}},"32":{"start":{"line":109,"column":4},"end":{"line":109,"column":26}},"33":{"start":{"line":110,"column":4},"end":{"line":110,"column":27}},"34":{"start":{"line":112,"column":2},"end":{"line":156,"column":4}},"35":{"start":{"line":120,"column":29},"end":{"line":120,"column":60}},"36":{"start":{"line":127,"column":16},"end":{"line":127,"column":31}},"37":{"start":{"line":128,"column":16},"end":{"line":128,"column":37}},"38":{"start":{"line":152,"column":25},"end":{"line":152,"column":43}}},"fnMap":{"0":{"name":"(anonymous_0)","decl":{"start":{"line":9,"column":23},"end":{"line":9,"column":24}},"loc":{"start":{"line":9,"column":29},"end":{"line":157,"column":1}},"line":9},"1":{"name":"(anonymous_1)","decl":{"start":{"line":16,"column":35},"end":{"line":16,"column":36}},"loc":{"start":{"line":16,"column":46},"end":{"line":16,"column":74}},"line":16},"2":{"name":"(anonymous_2)","decl":{"start":{"line":18,"column":34},"end":{"line":18,"column":35}},"loc":{"start":{"line":18,"column":40},"end":{"line":27,"column":3}},"line":18},"3":{"name":"(anonymous_3)","decl":{"start":{"line":22,"column":6},"end":{"line":22,"column":7}},"loc":{"start":{"line":23,"column":8},"end":{"line":25,"column":70}},"line":23},"4":{"name":"(anonymous_4)","decl":{"start":{"line":34,"column":14},"end":{"line":34,"column":15}},"loc":{"start":{"line":34,"column":23},"end":{"line":34,"column":97}},"line":34},"5":{"name":"(anonymous_5)","decl":{"start":{"line":40,"column":14},"end":{"line":40,"column":15}},"loc":{"start":{"line":40,"column":29},"end":{"line":40,"column":47}},"line":40},"6":{"name":"(anonymous_6)","decl":{"start":{"line":46,"column":14},"end":{"line":46,"column":15}},"loc":{"start":{"line":46,"column":28},"end":{"line":46,"column":45}},"line":46},"7":{"name":"(anonymous_7)","decl":{"start":{"line":51,"column":14},"end":{"line":51,"column":15}},"loc":{"start":{"line":51,"column":25},"end":{"line":51,"column":39}},"line":51},"8":{"name":"(anonymous_8)","decl":{"start":{"line":57,"column":14},"end":{"line":57,"column":15}},"loc":{"start":{"line":58,"column":8},"end":{"line":74,"column":17}},"line":58},"9":{"name":"(anonymous_9)","decl":{"start":{"line":58,"column":25},"end":{"line":58,"column":26}},"loc":{"start":{"line":58,"column":31},"end":{"line":58,"column":53}},"line":58},"10":{"name":"(anonymous_10)","decl":{"start":{"line":80,"column":14},"end":{"line":80,"column":15}},"loc":{"start":{"line":81,"column":8},"end":{"line":96,"column":17}},"line":81},"11":{"name":"(anonymous_11)","decl":{"start":{"line":81,"column":25},"end":{"line":81,"column":26}},"loc":{"start":{"line":81,"column":31},"end":{"line":81,"column":59}},"line":81},"12":{"name":"(anonymous_12)","decl":{"start":{"line":100,"column":25},"end":{"line":100,"column":26}},"loc":{"start":{"line":100,"column":37},"end":{"line":104,"column":3}},"line":100},"13":{"name":"(anonymous_13)","decl":{"start":{"line":105,"column":31},"end":{"line":105,"column":32}},"loc":{"start":{"line":105,"column":43},"end":{"line":107,"column":3}},"line":105},"14":{"name":"(anonymous_14)","decl":{"start":{"line":108,"column":27},"end":{"line":108,"column":28}},"loc":{"start":{"line":108,"column":33},"end":{"line":111,"column":3}},"line":108},"15":{"name":"(anonymous_15)","decl":{"start":{"line":120,"column":22},"end":{"line":120,"column":23}},"loc":{"start":{"line":120,"column":29},"end":{"line":120,"column":60}},"line":120},"16":{"name":"(anonymous_16)","decl":{"start":{"line":125,"column":21},"end":{"line":125,"column":22}},"loc":{"start":{"line":125,"column":27},"end":{"line":130,"column":13}},"line":125},"17":{"name":"(anonymous_17)","decl":{"start":{"line":152,"column":19},"end":{"line":152,"column":20}},"loc":{"start":{"line":152,"column":25},"end":{"line":152,"column":43}},"line":152}},"branchMap":{"0":{"loc":{"start":{"line":19,"column":4},"end":{"line":19,"column":43}},"type":"if","locations":[{"start":{"line":19,"column":4},"end":{"line":19,"column":43}},{"start":{},"end":{}}],"line":19},"1":{"loc":{"start":{"line":23,"column":8},"end":{"line":25,"column":70}},"type":"binary-expr","locations":[{"start":{"line":23,"column":8},"end":{"line":23,"column":73}},{"start":{"line":24,"column":8},"end":{"line":24,"column":74}},{"start":{"line":25,"column":8},"end":{"line":25,"column":70}}],"line":23},"2":{"loc":{"start":{"line":148,"column":7},"end":{"line":154,"column":7}},"type":"binary-expr","locations":[{"start":{"line":148,"column":7},"end":{"line":148,"column":18}},{"start":{"line":149,"column":8},"end":{"line":153,"column":10}}],"line":148}},"s":{"0":1,"1":1,"2":23,"3":23,"4":23,"5":23,"6":23,"7":23,"8":23,"9":36,"10":23,"11":16,"12":14,"13":2,"14":4,"15":23,"16":23,"17":41,"18":41,"19":41,"20":41,"21":41,"22":3,"23":41,"24":1,"25":23,"26":3,"27":3,"28":3,"29":23,"30":1,"31":23,"32":2,"33":2,"34":23,"35":3,"36":2,"37":2,"38":2},"f":{"0":23,"1":36,"2":16,"3":4,"4":41,"5":41,"6":41,"7":41,"8":41,"9":3,"10":41,"11":1,"12":3,"13":1,"14":2,"15":3,"16":2,"17":2},"b":{"0":[14,2],"1":[4,4,4],"2":[23,5]},"_coverageSchema":"1a1c01bbd47fc00a2c39e90264f33305004495a9","hash":"ca02e046e0f050ff466227b24e406b21f8de203e"}
,"D:\\vatek\\vatek-intern2\\my-project\\src\\pages\\LoginPage.jsx": {"path":"D:\\vatek\\vatek-intern2\\my-project\\src\\pages\\LoginPage.jsx","statementMap":{"0":{"start":{"line":5,"column":18},"end":{"line":61,"column":1}},"1":{"start":{"line":6,"column":16},"end":{"line":6,"column":32}},"2":{"start":{"line":7,"column":19},"end":{"line":10,"column":3}},"3":{"start":{"line":11,"column":19},"end":{"line":11,"column":32}},"4":{"start":{"line":12,"column":19},"end":{"line":23,"column":3}},"5":{"start":{"line":13,"column":4},"end":{"line":22,"column":5}},"6":{"start":{"line":14,"column":6},"end":{"line":19,"column":7}},"7":{"start":{"line":15,"column":8},"end":{"line":15,"column":34}},"8":{"start":{"line":16,"column":8},"end":{"line":16,"column":31}},"9":{"start":{"line":18,"column":8},"end":{"line":18,"column":32}},"10":{"start":{"line":21,"column":6},"end":{"line":21,"column":25}},"11":{"start":{"line":24,"column":2},"end":{"line":60,"column":4}}},"fnMap":{"0":{"name":"(anonymous_0)","decl":{"start":{"line":5,"column":18},"end":{"line":5,"column":19}},"loc":{"start":{"line":5,"column":24},"end":{"line":61,"column":1}},"line":5},"1":{"name":"(anonymous_1)","decl":{"start":{"line":12,"column":19},"end":{"line":12,"column":20}},"loc":{"start":{"line":12,"column":31},"end":{"line":23,"column":3}},"line":12}},"branchMap":{"0":{"loc":{"start":{"line":14,"column":6},"end":{"line":19,"column":7}},"type":"if","locations":[{"start":{"line":14,"column":6},"end":{"line":19,"column":7}},{"start":{"line":17,"column":13},"end":{"line":19,"column":7}}],"line":14},"1":{"loc":{"start":{"line":14,"column":10},"end":{"line":14,"column":88}},"type":"binary-expr","locations":[{"start":{"line":14,"column":10},"end":{"line":14,"column":47}},{"start":{"line":14,"column":51},"end":{"line":14,"column":88}}],"line":14}},"s":{"0":1,"1":10,"2":10,"3":10,"4":10,"5":4,"6":4,"7":2,"8":2,"9":2,"10":0,"11":10},"f":{"0":10,"1":4},"b":{"0":[2,2],"1":[4,2]},"_coverageSchema":"1a1c01bbd47fc00a2c39e90264f33305004495a9","hash":"a7d79fde71ed66bf50c414953bebea7474f56b0c"}
,"D:\\vatek\\vatek-intern2\\my-project\\src\\pages\\MainPage.jsx": {"path":"D:\\vatek\\vatek-intern2\\my-project\\src\\pages\\MainPage.jsx","statementMap":{"0":{"start":{"line":4,"column":17},"end":{"line":40,"column":1}},"1":{"start":{"line":5,"column":19},"end":{"line":5,"column":32}},"2":{"start":{"line":7,"column":2},"end":{"line":39,"column":4}},"3":{"start":{"line":12,"column":27},"end":{"line":12,"column":47}},"4":{"start":{"line":21,"column":27},"end":{"line":21,"column":49}},"5":{"start":{"line":30,"column":27},"end":{"line":30,"column":45}}},"fnMap":{"0":{"name":"(anonymous_0)","decl":{"start":{"line":4,"column":17},"end":{"line":4,"column":18}},"loc":{"start":{"line":4,"column":23},"end":{"line":40,"column":1}},"line":4},"1":{"name":"(anonymous_1)","decl":{"start":{"line":12,"column":21},"end":{"line":12,"column":22}},"loc":{"start":{"line":12,"column":27},"end":{"line":12,"column":47}},"line":12},"2":{"name":"(anonymous_2)","decl":{"start":{"line":21,"column":21},"end":{"line":21,"column":22}},"loc":{"start":{"line":21,"column":27},"end":{"line":21,"column":49}},"line":21},"3":{"name":"(anonymous_3)","decl":{"start":{"line":30,"column":21},"end":{"line":30,"column":22}},"loc":{"start":{"line":30,"column":27},"end":{"line":30,"column":45}},"line":30}},"branchMap":{},"s":{"0":1,"1":5,"2":5,"3":1,"4":1,"5":1},"f":{"0":5,"1":1,"2":1,"3":1},"b":{},"_coverageSchema":"1a1c01bbd47fc00a2c39e90264f33305004495a9","hash":"3f4ae3ff63c8692439a19c161cc66c949442a120"}
,"D:\\vatek\\vatek-intern2\\my-project\\src\\pages\\ToDoApp.jsx": {"path":"D:\\vatek\\vatek-intern2\\my-project\\src\\pages\\ToDoApp.jsx","statementMap":{"0":{"start":{"line":7,"column":16},"end":{"line":7,"column":32}},"1":{"start":{"line":8,"column":26},"end":{"line":8,"column":48}},"2":{"start":{"line":9,"column":36},"end":{"line":9,"column":48}},"3":{"start":{"line":10,"column":42},"end":{"line":10,"column":57}},"4":{"start":{"line":11,"column":40},"end":{"line":11,"column":52}},"5":{"start":{"line":12,"column":42},"end":{"line":12,"column":56}},"6":{"start":{"line":13,"column":23},"end":{"line":23,"column":83}},"7":{"start":{"line":15,"column":6},"end":{"line":21,"column":7}},"8":{"start":{"line":16,"column":8},"end":{"line":16,"column":31}},"9":{"start":{"line":17,"column":13},"end":{"line":21,"column":7}},"10":{"start":{"line":18,"column":8},"end":{"line":18,"column":30}},"11":{"start":{"line":20,"column":8},"end":{"line":20,"column":20}},"12":{"start":{"line":23,"column":22},"end":{"line":23,"column":82}},"13":{"start":{"line":25,"column":21},"end":{"line":25,"column":68}},"14":{"start":{"line":25,"column":43},"end":{"line":25,"column":67}},"15":{"start":{"line":27,"column":32},"end":{"line":29,"column":3}},"16":{"start":{"line":28,"column":4},"end":{"line":28,"column":45}},"17":{"start":{"line":31,"column":24},"end":{"line":38,"column":3}},"18":{"start":{"line":32,"column":4},"end":{"line":35,"column":5}},"19":{"start":{"line":33,"column":6},"end":{"line":33,"column":29}},"20":{"start":{"line":34,"column":6},"end":{"line":34,"column":13}},"21":{"start":{"line":36,"column":4},"end":{"line":36,"column":79}},"22":{"start":{"line":37,"column":4},"end":{"line":37,"column":21}},"23":{"start":{"line":40,"column":31},"end":{"line":42,"column":3}},"24":{"start":{"line":41,"column":4},"end":{"line":41,"column":52}},"25":{"start":{"line":41,"column":34},"end":{"line":41,"column":49}},"26":{"start":{"line":44,"column":21},"end":{"line":54,"column":3}},"27":{"start":{"line":45,"column":4},"end":{"line":53,"column":6}},"28":{"start":{"line":47,"column":8},"end":{"line":51,"column":9}},"29":{"start":{"line":48,"column":10},"end":{"line":48,"column":57}},"30":{"start":{"line":50,"column":10},"end":{"line":50,"column":22}},"31":{"start":{"line":55,"column":24},"end":{"line":57,"column":3}},"32":{"start":{"line":56,"column":4},"end":{"line":56,"column":64}},"33":{"start":{"line":56,"column":32},"end":{"line":56,"column":60}},"34":{"start":{"line":58,"column":19},"end":{"line":68,"column":3}},"35":{"start":{"line":59,"column":4},"end":{"line":67,"column":6}},"36":{"start":{"line":61,"column":8},"end":{"line":65,"column":9}},"37":{"start":{"line":62,"column":10},"end":{"line":62,"column":46}},"38":{"start":{"line":64,"column":10},"end":{"line":64,"column":22}},"39":{"start":{"line":70,"column":2},"end":{"line":160,"column":4}},"40":{"start":{"line":113,"column":14},"end":{"line":120,"column":16}},"41":{"start":{"line":132,"column":31},"end":{"line":132,"column":53}},"42":{"start":{"line":138,"column":31},"end":{"line":138,"column":56}},"43":{"start":{"line":144,"column":31},"end":{"line":144,"column":59}}},"fnMap":{"0":{"name":"ToDoApp","decl":{"start":{"line":6,"column":9},"end":{"line":6,"column":16}},"loc":{"start":{"line":6,"column":19},"end":{"line":161,"column":1}},"line":6},"1":{"name":"(anonymous_1)","decl":{"start":{"line":14,"column":12},"end":{"line":14,"column":13}},"loc":{"start":{"line":14,"column":22},"end":{"line":22,"column":5}},"line":14},"2":{"name":"(anonymous_2)","decl":{"start":{"line":23,"column":12},"end":{"line":23,"column":13}},"loc":{"start":{"line":23,"column":22},"end":{"line":23,"column":82}},"line":23},"3":{"name":"(anonymous_3)","decl":{"start":{"line":25,"column":33},"end":{"line":25,"column":34}},"loc":{"start":{"line":25,"column":43},"end":{"line":25,"column":67}},"line":25},"4":{"name":"(anonymous_4)","decl":{"start":{"line":27,"column":32},"end":{"line":27,"column":33}},"loc":{"start":{"line":27,"column":39},"end":{"line":29,"column":3}},"line":27},"5":{"name":"(anonymous_5)","decl":{"start":{"line":31,"column":24},"end":{"line":31,"column":25}},"loc":{"start":{"line":31,"column":30},"end":{"line":38,"column":3}},"line":31},"6":{"name":"(anonymous_6)","decl":{"start":{"line":40,"column":31},"end":{"line":40,"column":32}},"loc":{"start":{"line":40,"column":37},"end":{"line":42,"column":3}},"line":40},"7":{"name":"(anonymous_7)","decl":{"start":{"line":41,"column":24},"end":{"line":41,"column":25}},"loc":{"start":{"line":41,"column":34},"end":{"line":41,"column":49}},"line":41},"8":{"name":"(anonymous_8)","decl":{"start":{"line":44,"column":21},"end":{"line":44,"column":22}},"loc":{"start":{"line":44,"column":29},"end":{"line":54,"column":3}},"line":44},"9":{"name":"(anonymous_9)","decl":{"start":{"line":46,"column":15},"end":{"line":46,"column":16}},"loc":{"start":{"line":46,"column":25},"end":{"line":52,"column":7}},"line":46},"10":{"name":"(anonymous_10)","decl":{"start":{"line":55,"column":24},"end":{"line":55,"column":25}},"loc":{"start":{"line":55,"column":30},"end":{"line":57,"column":3}},"line":55},"11":{"name":"(anonymous_11)","decl":{"start":{"line":56,"column":21},"end":{"line":56,"column":22}},"loc":{"start":{"line":56,"column":32},"end":{"line":56,"column":60}},"line":56},"12":{"name":"(anonymous_12)","decl":{"start":{"line":58,"column":19},"end":{"line":58,"column":20}},"loc":{"start":{"line":58,"column":37},"end":{"line":68,"column":3}},"line":58},"13":{"name":"(anonymous_13)","decl":{"start":{"line":60,"column":15},"end":{"line":60,"column":16}},"loc":{"start":{"line":60,"column":25},"end":{"line":66,"column":7}},"line":60},"14":{"name":"(anonymous_14)","decl":{"start":{"line":112,"column":30},"end":{"line":112,"column":31}},"loc":{"start":{"line":113,"column":14},"end":{"line":120,"column":16}},"line":113},"15":{"name":"(anonymous_15)","decl":{"start":{"line":132,"column":25},"end":{"line":132,"column":26}},"loc":{"start":{"line":132,"column":31},"end":{"line":132,"column":53}},"line":132},"16":{"name":"(anonymous_16)","decl":{"start":{"line":138,"column":25},"end":{"line":138,"column":26}},"loc":{"start":{"line":138,"column":31},"end":{"line":138,"column":56}},"line":138},"17":{"name":"(anonymous_17)","decl":{"start":{"line":144,"column":25},"end":{"line":144,"column":26}},"loc":{"start":{"line":144,"column":31},"end":{"line":144,"column":59}},"line":144}},"branchMap":{"0":{"loc":{"start":{"line":15,"column":6},"end":{"line":21,"column":7}},"type":"if","locations":[{"start":{"line":15,"column":6},"end":{"line":21,"column":7}},{"start":{"line":17,"column":13},"end":{"line":21,"column":7}}],"line":15},"1":{"loc":{"start":{"line":17,"column":13},"end":{"line":21,"column":7}},"type":"if","locations":[{"start":{"line":17,"column":13},"end":{"line":21,"column":7}},{"start":{"line":19,"column":13},"end":{"line":21,"column":7}}],"line":17},"2":{"loc":{"start":{"line":32,"column":4},"end":{"line":35,"column":5}},"type":"if","locations":[{"start":{"line":32,"column":4},"end":{"line":35,"column":5}},{"start":{},"end":{}}],"line":32},"3":{"loc":{"start":{"line":47,"column":8},"end":{"line":51,"column":9}},"type":"if","locations":[{"start":{"line":47,"column":8},"end":{"line":51,"column":9}},{"start":{"line":49,"column":15},"end":{"line":51,"column":9}}],"line":47},"4":{"loc":{"start":{"line":61,"column":8},"end":{"line":65,"column":9}},"type":"if","locations":[{"start":{"line":61,"column":8},"end":{"line":65,"column":9}},{"start":{"line":63,"column":15},"end":{"line":65,"column":9}}],"line":61},"5":{"loc":{"start":{"line":126,"column":15},"end":{"line":128,"column":61}},"type":"cond-expr","locations":[{"start":{"line":127,"column":18},"end":{"line":127,"column":62}},{"start":{"line":128,"column":18},"end":{"line":128,"column":61}}],"line":126},"6":{"loc":{"start":{"line":133,"column":59},"end":{"line":133,"column":139}},"type":"cond-expr","locations":[{"start":{"line":133,"column":84},"end":{"line":133,"column":134}},{"start":{"line":133,"column":137},"end":{"line":133,"column":139}}],"line":133},"7":{"loc":{"start":{"line":139,"column":59},"end":{"line":139,"column":143}},"type":"cond-expr","locations":[{"start":{"line":139,"column":87},"end":{"line":139,"column":138}},{"start":{"line":139,"column":141},"end":{"line":139,"column":143}}],"line":139},"8":{"loc":{"start":{"line":145,"column":59},"end":{"line":145,"column":145}},"type":"cond-expr","locations":[{"start":{"line":145,"column":90},"end":{"line":145,"column":140}},{"start":{"line":145,"column":143},"end":{"line":145,"column":145}}],"line":145}},"s":{"0":19,"1":19,"2":19,"3":19,"4":19,"5":19,"6":19,"7":77,"8":8,"9":69,"10":4,"11":65,"12":72,"13":19,"14":77,"15":19,"16":2,"17":19,"18":3,"19":1,"20":1,"21":2,"22":2,"23":19,"24":1,"25":4,"26":19,"27":1,"28":4,"29":1,"30":3,"31":19,"32":0,"33":0,"34":19,"35":0,"36":0,"37":0,"38":0,"39":19,"40":72,"41":1,"42":2,"43":1},"f":{"0":19,"1":77,"2":72,"3":77,"4":2,"5":3,"6":1,"7":4,"8":1,"9":4,"10":0,"11":0,"12":0,"13":0,"14":72,"15":1,"16":2,"17":1},"b":{"0":[8,69],"1":[4,65],"2":[1,2],"3":[1,3],"4":[0,0],"5":[19,0],"6":[16,3],"7":[2,17],"8":[1,18]},"_coverageSchema":"1a1c01bbd47fc00a2c39e90264f33305004495a9","hash":"306a2ac27e4f7b9eed5fa7600a997b033fc11a25"}
,"D:\\vatek\\vatek-intern2\\my-project\\src\\redux\\employeeSlice.js": {"path":"D:\\vatek\\vatek-intern2\\my-project\\src\\redux\\employeeSlice.js","statementMap":{"0":{"start":{"line":2,"column":22},"end":{"line":23,"column":2}},"1":{"start":{"line":9,"column":6},"end":{"line":9,"column":42}},"2":{"start":{"line":12,"column":6},"end":{"line":12,"column":67}},"3":{"start":{"line":15,"column":6},"end":{"line":15,"column":94}},"4":{"start":{"line":15,"column":63},"end":{"line":15,"column":92}},"5":{"start":{"line":18,"column":6},"end":{"line":20,"column":9}},"6":{"start":{"line":19,"column":8},"end":{"line":19,"column":78}},"7":{"start":{"line":24,"column":78},"end":{"line":24,"column":99}}},"fnMap":{"0":{"name":"(anonymous_0)","decl":{"start":{"line":8,"column":21},"end":{"line":8,"column":22}},"loc":{"start":{"line":8,"column":40},"end":{"line":10,"column":5}},"line":8},"1":{"name":"(anonymous_1)","decl":{"start":{"line":11,"column":17},"end":{"line":11,"column":18}},"loc":{"start":{"line":11,"column":36},"end":{"line":13,"column":5}},"line":11},"2":{"name":"(anonymous_2)","decl":{"start":{"line":14,"column":20},"end":{"line":14,"column":21}},"loc":{"start":{"line":14,"column":39},"end":{"line":16,"column":5}},"line":14},"3":{"name":"(anonymous_3)","decl":{"start":{"line":15,"column":53},"end":{"line":15,"column":54}},"loc":{"start":{"line":15,"column":63},"end":{"line":15,"column":92}},"line":15},"4":{"name":"(anonymous_4)","decl":{"start":{"line":17,"column":18},"end":{"line":17,"column":19}},"loc":{"start":{"line":17,"column":37},"end":{"line":21,"column":5}},"line":17},"5":{"name":"(anonymous_5)","decl":{"start":{"line":18,"column":50},"end":{"line":18,"column":51}},"loc":{"start":{"line":18,"column":60},"end":{"line":20,"column":7}},"line":18}},"branchMap":{"0":{"loc":{"start":{"line":19,"column":15},"end":{"line":19,"column":77}},"type":"cond-expr","locations":[{"start":{"line":19,"column":48},"end":{"line":19,"column":69}},{"start":{"line":19,"column":73},"end":{"line":19,"column":77}}],"line":19}},"s":{"0":3,"1":0,"2":1,"3":1,"4":2,"5":1,"6":1,"7":3},"f":{"0":0,"1":1,"2":1,"3":2,"4":1,"5":1},"b":{"0":[1,0]},"_coverageSchema":"1a1c01bbd47fc00a2c39e90264f33305004495a9","hash":"2f2cf43f38dd52c2f6036bf6e5cbd34e4b9f84e9"}
,"D:\\vatek\\vatek-intern2\\my-project\\src\\redux\\store.js": {"path":"D:\\vatek\\vatek-intern2\\my-project\\src\\redux\\store.js","statementMap":{"0":{"start":{"line":3,"column":21},"end":{"line":7,"column":2}}},"fnMap":{},"branchMap":{},"s":{"0":1},"f":{},"b":{},"_coverageSchema":"1a1c01bbd47fc00a2c39e90264f33305004495a9","hash":"86eeb0d5bcc8f2bf646cc7d9369b1234a6675359"}
}
