TN:
SF:src\App.jsx
FN:8,App
FN:22,(anonymous_1)
FNF:2
FNH:2
FNDA:6,App
FNDA:1,(anonymous_1)
DA:9,6
DA:10,6
DA:22,1
LF:3
LH:3
BRDA:22,0,0,1
BRDA:22,0,1,0
BRF:2
BRH:1
end_of_record
TN:
SF:src\components\EmployeeModal.jsx
FN:8,(anonymous_0)
FN:13,(anonymous_1)
FN:27,(anonymous_2)
FN:32,(anonymous_3)
FNF:4
FNH:4
FNDA:12,(anonymous_0)
FNDA:2,(anonymous_1)
FNDA:2,(anonymous_2)
FNDA:12,(anonymous_3)
DA:8,1
DA:9,12
DA:10,12
DA:11,12
DA:12,12
DA:13,12
DA:14,2
DA:15,2
DA:16,2
DA:17,2
DA:18,2
DA:19,2
DA:21,0
DA:22,0
DA:27,12
DA:28,2
DA:29,2
DA:32,12
DA:33,12
DA:34,12
DA:43,12
LF:21
LH:19
BRDA:16,0,0,1
BRDA:16,0,1,1
BRDA:17,1,0,1
BRDA:17,1,1,1
BRDA:21,2,0,0
BRDA:21,2,1,0
BRDA:33,3,0,12
BRDA:33,3,1,0
BRDA:47,4,0,6
BRDA:47,4,1,6
BRDA:48,5,0,6
BRDA:48,5,1,6
BRF:12
BRH:9
end_of_record
TN:
SF:src\components\SearchBar.jsx
FN:4,(anonymous_0)
FN:7,(anonymous_1)
FN:21,(anonymous_2)
FNF:3
FNH:3
FNDA:25,(anonymous_0)
FNDA:2,(anonymous_1)
FNDA:2,(anonymous_2)
DA:4,3
DA:5,25
DA:6,25
DA:7,25
DA:8,2
DA:11,25
DA:21,2
LF:7
LH:7
BRF:0
BRH:0
end_of_record
TN:
SF:src\components\Task.jsx
FN:3,(anonymous_0)
FN:6,(anonymous_1)
FN:9,(anonymous_2)
FN:15,(anonymous_3)
FN:24,(anonymous_4)
FN:36,(anonymous_5)
FNF:6
FNH:4
FNDA:78,(anonymous_0)
FNDA:3,(anonymous_1)
FNDA:0,(anonymous_2)
FNDA:1,(anonymous_3)
FNDA:2,(anonymous_4)
FNDA:0,(anonymous_5)
DA:3,3
DA:4,78
DA:5,78
DA:6,78
DA:7,3
DA:9,78
DA:10,0
DA:11,0
DA:12,0
DA:15,78
DA:16,1
DA:18,78
DA:24,2
DA:37,0
LF:14
LH:10
BRDA:10,0,0,0
BRDA:10,0,1,0
BRDA:22,1,0,3
BRDA:22,1,1,75
BRDA:25,2,0,78
BRDA:25,2,1,77
BRDA:26,3,0,18
BRDA:26,3,1,59
BRDA:30,4,0,78
BRDA:30,4,1,1
BRDA:41,5,0,78
BRDA:41,5,1,3
BRF:12
BRH:10
end_of_record
TN:
SF:src\data\mockData.js
FNF:0
FNH:0
DA:1,2
DA:81,2
LF:2
LH:2
BRF:0
BRH:0
end_of_record
TN:
SF:src\hooks\useApi.jsx
FN:7,(anonymous_0)
FN:12,(anonymous_1)
FN:13,(anonymous_2)
FNF:3
FNH:0
FNDA:0,(anonymous_0)
FNDA:0,(anonymous_1)
FNDA:0,(anonymous_2)
DA:7,0
DA:8,0
DA:9,0
DA:10,0
DA:11,0
DA:12,0
DA:13,0
DA:14,0
DA:15,0
DA:16,0
DA:23,0
DA:24,0
DA:25,0
DA:27,0
DA:28,0
DA:29,0
DA:32,0
DA:34,0
LF:18
LH:0
BRF:0
BRH:0
end_of_record
TN:
SF:src\i18n\i18n.js
FNF:0
FNH:0
DA:6,0
LF:1
LH:0
BRF:0
BRH:0
end_of_record
TN:
SF:src\pages\EmployeeRender.jsx
FN:9,(anonymous_0)
FN:16,(anonymous_1)
FN:18,(anonymous_2)
FN:22,(anonymous_3)
FN:34,(anonymous_4)
FN:40,(anonymous_5)
FN:46,(anonymous_6)
FN:51,(anonymous_7)
FN:57,(anonymous_8)
FN:58,(anonymous_9)
FN:80,(anonymous_10)
FN:81,(anonymous_11)
FN:100,(anonymous_12)
FN:105,(anonymous_13)
FN:108,(anonymous_14)
FN:120,(anonymous_15)
FN:125,(anonymous_16)
FN:152,(anonymous_17)
FNF:18
FNH:18
FNDA:23,(anonymous_0)
FNDA:36,(anonymous_1)
FNDA:16,(anonymous_2)
FNDA:4,(anonymous_3)
FNDA:41,(anonymous_4)
FNDA:41,(anonymous_5)
FNDA:41,(anonymous_6)
FNDA:41,(anonymous_7)
FNDA:41,(anonymous_8)
FNDA:3,(anonymous_9)
FNDA:41,(anonymous_10)
FNDA:1,(anonymous_11)
FNDA:3,(anonymous_12)
FNDA:1,(anonymous_13)
FNDA:2,(anonymous_14)
FNDA:3,(anonymous_15)
FNDA:2,(anonymous_16)
FNDA:2,(anonymous_17)
DA:8,1
DA:9,1
DA:10,23
DA:11,23
DA:12,23
DA:13,23
DA:14,23
DA:15,23
DA:16,36
DA:18,23
DA:19,16
DA:21,2
DA:23,4
DA:28,23
DA:30,23
DA:34,41
DA:40,41
DA:46,41
DA:51,41
DA:58,41
DA:81,41
DA:100,23
DA:101,3
DA:102,3
DA:103,3
DA:105,23
DA:106,1
DA:108,23
DA:109,2
DA:110,2
DA:112,23
DA:120,3
DA:127,2
DA:128,2
DA:152,2
LF:35
LH:35
BRDA:19,0,0,14
BRDA:19,0,1,2
BRDA:23,1,0,4
BRDA:23,1,1,4
BRDA:23,1,2,4
BRDA:148,2,0,23
BRDA:148,2,1,5
BRF:7
BRH:7
end_of_record
TN:
SF:src\pages\LoginPage.jsx
FN:5,(anonymous_0)
FN:12,(anonymous_1)
FNF:2
FNH:2
FNDA:10,(anonymous_0)
FNDA:4,(anonymous_1)
DA:5,1
DA:6,10
DA:7,10
DA:11,10
DA:12,10
DA:13,4
DA:14,4
DA:15,2
DA:16,2
DA:18,2
DA:21,0
DA:24,10
LF:12
LH:11
BRDA:14,0,0,2
BRDA:14,0,1,2
BRDA:14,1,0,4
BRDA:14,1,1,2
BRF:4
BRH:4
end_of_record
TN:
SF:src\pages\MainPage.jsx
FN:4,(anonymous_0)
FN:12,(anonymous_1)
FN:21,(anonymous_2)
FN:30,(anonymous_3)
FNF:4
FNH:4
FNDA:5,(anonymous_0)
FNDA:1,(anonymous_1)
FNDA:1,(anonymous_2)
FNDA:1,(anonymous_3)
DA:4,1
DA:5,5
DA:7,5
DA:12,1
DA:21,1
DA:30,1
LF:6
LH:6
BRF:0
BRH:0
end_of_record
TN:
SF:src\pages\ToDoApp.jsx
FN:6,ToDoApp
FN:14,(anonymous_1)
FN:23,(anonymous_2)
FN:25,(anonymous_3)
FN:27,(anonymous_4)
FN:31,(anonymous_5)
FN:40,(anonymous_6)
FN:41,(anonymous_7)
FN:44,(anonymous_8)
FN:46,(anonymous_9)
FN:55,(anonymous_10)
FN:56,(anonymous_11)
FN:58,(anonymous_12)
FN:60,(anonymous_13)
FN:112,(anonymous_14)
FN:132,(anonymous_15)
FN:138,(anonymous_16)
FN:144,(anonymous_17)
FNF:18
FNH:14
FNDA:19,ToDoApp
FNDA:77,(anonymous_1)
FNDA:72,(anonymous_2)
FNDA:77,(anonymous_3)
FNDA:2,(anonymous_4)
FNDA:3,(anonymous_5)
FNDA:1,(anonymous_6)
FNDA:4,(anonymous_7)
FNDA:1,(anonymous_8)
FNDA:4,(anonymous_9)
FNDA:0,(anonymous_10)
FNDA:0,(anonymous_11)
FNDA:0,(anonymous_12)
FNDA:0,(anonymous_13)
FNDA:72,(anonymous_14)
FNDA:1,(anonymous_15)
FNDA:2,(anonymous_16)
FNDA:1,(anonymous_17)
DA:7,19
DA:8,19
DA:9,19
DA:10,19
DA:11,19
DA:12,19
DA:13,19
DA:15,77
DA:16,8
DA:17,69
DA:18,4
DA:20,65
DA:23,72
DA:25,77
DA:27,19
DA:28,2
DA:31,19
DA:32,3
DA:33,1
DA:34,1
DA:36,2
DA:37,2
DA:40,19
DA:41,4
DA:44,19
DA:45,1
DA:47,4
DA:48,1
DA:50,3
DA:55,19
DA:56,0
DA:58,19
DA:59,0
DA:61,0
DA:62,0
DA:64,0
DA:70,19
DA:113,72
DA:132,1
DA:138,2
DA:144,1
LF:41
LH:36
BRDA:15,0,0,8
BRDA:15,0,1,69
BRDA:17,1,0,4
BRDA:17,1,1,65
BRDA:32,2,0,1
BRDA:32,2,1,2
BRDA:47,3,0,1
BRDA:47,3,1,3
BRDA:61,4,0,0
BRDA:61,4,1,0
BRDA:126,5,0,19
BRDA:126,5,1,0
BRDA:133,6,0,16
BRDA:133,6,1,3
BRDA:139,7,0,2
BRDA:139,7,1,17
BRDA:145,8,0,1
BRDA:145,8,1,18
BRF:18
BRH:15
end_of_record
TN:
SF:src\redux\employeeSlice.js
FN:8,(anonymous_0)
FN:11,(anonymous_1)
FN:14,(anonymous_2)
FN:15,(anonymous_3)
FN:17,(anonymous_4)
FN:18,(anonymous_5)
FNF:6
FNH:5
FNDA:0,(anonymous_0)
FNDA:1,(anonymous_1)
FNDA:1,(anonymous_2)
FNDA:2,(anonymous_3)
FNDA:1,(anonymous_4)
FNDA:1,(anonymous_5)
DA:2,3
DA:9,0
DA:12,1
DA:15,2
DA:18,1
DA:19,1
DA:24,3
LF:7
LH:6
BRDA:19,0,0,1
BRDA:19,0,1,0
BRF:2
BRH:1
end_of_record
TN:
SF:src\redux\store.js
FNF:0
FNH:0
DA:3,1
LF:1
LH:1
BRF:0
BRH:0
end_of_record
